<?xml version="1.0" encoding="UTF-8"?>
<coverage generated="1768194146749" clover="3.2.0">
  <project timestamp="1768194146749" name="All files">
    <metrics statements="287" coveredstatements="214" conditionals="86" coveredconditionals="40" methods="54" coveredmethods="33" elements="427" coveredelements="287" complexity="0" loc="287" ncloc="287" packages="2" files="3" classes="3"/>
    <package name="src">
      <metrics statements="27" coveredstatements="20" conditionals="6" coveredconditionals="6" methods="6" coveredmethods="3"/>
      <file name="middleware.ts" path="/home/kasm-user/workspace/dspy/qalamcolab/src/middleware.ts">
        <metrics statements="27" coveredstatements="20" conditionals="6" coveredconditionals="6" methods="6" coveredmethods="3"/>
        <line num="9" count="1" type="stmt"/>
        <line num="10" count="1" type="stmt"/>
        <line num="12" count="1" type="stmt"/>
        <line num="13" count="5" type="stmt"/>
        <line num="19" count="5" type="stmt"/>
        <line num="25" count="0" type="stmt"/>
        <line num="28" count="0" type="stmt"/>
        <line num="33" count="0" type="stmt"/>
        <line num="38" count="0" type="stmt"/>
        <line num="45" count="0" type="stmt"/>
        <line num="50" count="0" type="stmt"/>
        <line num="55" count="0" type="stmt"/>
        <line num="66" count="5" type="stmt"/>
        <line num="69" count="5" type="stmt"/>
        <line num="70" count="5" type="stmt"/>
        <line num="71" count="11" type="stmt"/>
        <line num="74" count="5" type="cond" truecount="3" falsecount="0"/>
        <line num="75" count="1" type="stmt"/>
        <line num="76" count="1" type="stmt"/>
        <line num="77" count="1" type="stmt"/>
        <line num="81" count="4" type="stmt"/>
        <line num="82" count="4" type="stmt"/>
        <line num="83" count="7" type="stmt"/>
        <line num="86" count="4" type="cond" truecount="3" falsecount="0"/>
        <line num="87" count="1" type="stmt"/>
        <line num="90" count="3" type="stmt"/>
        <line num="93" count="1" type="stmt"/>
      </file>
    </package>
    <package name="src.lib.yjs">
      <metrics statements="260" coveredstatements="194" conditionals="80" coveredconditionals="34" methods="48" coveredmethods="30"/>
      <file name="persistence.ts" path="/home/kasm-user/workspace/dspy/qalamcolab/src/lib/yjs/persistence.ts">
        <metrics statements="94" coveredstatements="79" conditionals="27" coveredconditionals="14" methods="14" coveredmethods="12"/>
        <line num="15" count="1" type="stmt"/>
        <line num="41" count="1" type="stmt"/>
        <line num="45" count="6" type="stmt"/>
        <line num="46" count="6" type="stmt"/>
        <line num="47" count="6" type="stmt"/>
        <line num="48" count="6" type="stmt"/>
        <line num="54" count="6" type="stmt"/>
        <line num="57" count="6" type="stmt"/>
        <line num="58" count="6" type="stmt"/>
        <line num="59" count="6" type="cond" truecount="2" falsecount="0"/>
        <line num="61" count="6" type="stmt"/>
        <line num="62" count="6" type="stmt"/>
        <line num="70" count="2" type="stmt"/>
        <line num="71" count="2" type="stmt"/>
        <line num="78" count="2" type="cond" truecount="1" falsecount="0"/>
        <line num="80" count="1" type="cond" truecount="1" falsecount="0"/>
        <line num="81" count="1" type="stmt"/>
        <line num="82" count="1" type="stmt"/>
        <line num="84" count="0" type="stmt"/>
        <line num="87" count="1" type="stmt"/>
        <line num="89" count="1" type="cond" truecount="1" falsecount="0"/>
        <line num="93" count="1" type="cond" truecount="1" falsecount="1"/>
        <line num="95" count="1" type="stmt"/>
        <line num="96" count="0" type="cond" truecount="0" falsecount="2"/>
        <line num="98" count="0" type="stmt"/>
        <line num="100" count="0" type="stmt"/>
        <line num="103" count="1" type="stmt"/>
        <line num="104" count="1" type="stmt"/>
        <line num="106" count="1" type="stmt"/>
        <line num="109" count="0" type="stmt"/>
        <line num="110" count="0" type="stmt"/>
        <line num="120" count="4" type="cond" truecount="1" falsecount="0"/>
        <line num="121" count="2" type="stmt"/>
        <line num="122" count="2" type="stmt"/>
        <line num="125" count="4" type="stmt"/>
        <line num="132" count="5" type="cond" truecount="1" falsecount="0"/>
        <line num="134" count="1" type="stmt"/>
        <line num="135" count="1" type="stmt"/>
        <line num="142" count="0" type="stmt"/>
        <line num="145" count="6" type="stmt"/>
        <line num="151" count="6" type="cond" truecount="0" falsecount="1"/>
        <line num="152" count="6" type="stmt"/>
        <line num="155" count="6" type="cond" truecount="1" falsecount="0"/>
        <line num="156" count="1" type="stmt"/>
        <line num="157" count="1" type="stmt"/>
        <line num="161" count="6" type="stmt"/>
        <line num="169" count="4" type="cond" truecount="0" falsecount="1"/>
        <line num="172" count="4" type="cond" truecount="0" falsecount="1"/>
        <line num="173" count="0" type="stmt"/>
        <line num="174" count="0" type="stmt"/>
        <line num="178" count="4" type="cond" truecount="0" falsecount="1"/>
        <line num="179" count="0" type="stmt"/>
        <line num="182" count="4" type="stmt"/>
        <line num="183" count="1" type="stmt"/>
        <line num="184" count="0" type="stmt"/>
        <line num="190" count="5" type="cond" truecount="0" falsecount="1"/>
        <line num="191" count="5" type="cond" truecount="0" falsecount="1"/>
        <line num="194" count="5" type="cond" truecount="1" falsecount="0"/>
        <line num="195" count="1" type="stmt"/>
        <line num="196" count="1" type="stmt"/>
        <line num="199" count="4" type="stmt"/>
        <line num="200" count="4" type="stmt"/>
        <line num="202" count="4" type="stmt"/>
        <line num="203" count="4" type="stmt"/>
        <line num="204" count="4" type="stmt"/>
        <line num="206" count="4" type="stmt"/>
        <line num="216" count="4" type="cond" truecount="1" falsecount="0"/>
        <line num="217" count="1" type="stmt"/>
        <line num="221" count="3" type="stmt"/>
        <line num="222" count="3" type="stmt"/>
        <line num="224" count="3" type="stmt"/>
        <line num="226" count="1" type="stmt"/>
        <line num="227" count="1" type="stmt"/>
        <line num="229" count="4" type="stmt"/>
        <line num="232" count="4" type="cond" truecount="1" falsecount="2"/>
        <line num="233" count="0" type="stmt"/>
        <line num="234" count="0" type="stmt"/>
        <line num="241" count="4" type="cond" truecount="1" falsecount="0"/>
        <line num="242" count="4" type="stmt"/>
        <line num="243" count="97" type="stmt"/>
        <line num="245" count="4" type="stmt"/>
        <line num="249" count="0" type="stmt"/>
        <line num="254" count="1" type="cond" truecount="1" falsecount="0"/>
        <line num="255" count="1" type="stmt"/>
        <line num="256" count="1" type="stmt"/>
        <line num="257" count="1" type="stmt"/>
        <line num="258" count="36" type="stmt"/>
        <line num="260" count="1" type="stmt"/>
        <line num="264" count="0" type="stmt"/>
        <line num="268" count="1" type="cond" truecount="0" falsecount="1"/>
        <line num="269" count="1" type="stmt"/>
        <line num="270" count="1" type="cond" truecount="0" falsecount="1"/>
        <line num="272" count="1" type="stmt"/>
        <line num="276" count="1" type="stmt"/>
      </file>
      <file name="supabase-provider.ts" path="/home/kasm-user/workspace/dspy/qalamcolab/src/lib/yjs/supabase-provider.ts">
        <metrics statements="166" coveredstatements="115" conditionals="53" coveredconditionals="20" methods="34" coveredmethods="18"/>
        <line num="16" count="1" type="stmt"/>
        <line num="17" count="1" type="stmt"/>
        <line num="18" count="1" type="stmt"/>
        <line num="51" count="1" type="stmt"/>
        <line num="60" count="7" type="stmt"/>
        <line num="61" count="7" type="stmt"/>
        <line num="66" count="7" type="stmt"/>
        <line num="67" count="7" type="stmt"/>
        <line num="70" count="7" type="stmt"/>
        <line num="71" count="7" type="stmt"/>
        <line num="72" count="7" type="stmt"/>
        <line num="76" count="7" type="stmt"/>
        <line num="77" count="7" type="stmt"/>
        <line num="78" count="7" type="stmt"/>
        <line num="79" count="7" type="stmt"/>
        <line num="89" count="7" type="stmt"/>
        <line num="90" count="7" type="stmt"/>
        <line num="91" count="7" type="stmt"/>
        <line num="92" count="7" type="cond" truecount="2" falsecount="0"/>
        <line num="93" count="7" type="cond" truecount="2" falsecount="0"/>
        <line num="94" count="7" type="cond" truecount="2" falsecount="0"/>
        <line num="95" count="7" type="cond" truecount="2" falsecount="0"/>
        <line num="98" count="7" type="stmt"/>
        <line num="101" count="7" type="stmt"/>
        <line num="109" count="7" type="stmt"/>
        <line num="110" count="7" type="stmt"/>
        <line num="112" count="7" type="stmt"/>
        <line num="113" count="7" type="stmt"/>
        <line num="120" count="3" type="stmt"/>
        <line num="127" count="0" type="stmt"/>
        <line num="134" count="0" type="stmt"/>
        <line num="135" count="0" type="stmt"/>
        <line num="142" count="1" type="cond" truecount="0" falsecount="1"/>
        <line num="144" count="1" type="stmt"/>
        <line num="145" count="1" type="stmt"/>
        <line num="150" count="0" type="cond" truecount="0" falsecount="2"/>
        <line num="172" count="0" type="cond" truecount="0" falsecount="4"/>
        <line num="174" count="0" type="stmt"/>
        <line num="175" count="0" type="stmt"/>
        <line num="177" count="0" type="stmt"/>
        <line num="178" count="0" type="stmt"/>
        <line num="180" count="0" type="stmt"/>
        <line num="181" count="0" type="stmt"/>
        <line num="183" count="0" type="stmt"/>
        <line num="184" count="0" type="stmt"/>
        <line num="206" count="0" type="cond" truecount="0" falsecount="4"/>
        <line num="208" count="0" type="stmt"/>
        <line num="209" count="0" type="stmt"/>
        <line num="211" count="0" type="stmt"/>
        <line num="212" count="0" type="stmt"/>
        <line num="214" count="0" type="stmt"/>
        <line num="215" count="0" type="stmt"/>
        <line num="217" count="0" type="stmt"/>
        <line num="218" count="0" type="stmt"/>
        <line num="226" count="0" type="stmt"/>
        <line num="233" count="0" type="cond" truecount="0" falsecount="1"/>
        <line num="234" count="0" type="stmt"/>
        <line num="235" count="0" type="stmt"/>
        <line num="242" count="1" type="cond" truecount="0" falsecount="1"/>
        <line num="243" count="1" type="stmt"/>
        <line num="246" count="1" type="cond" truecount="0" falsecount="1"/>
        <line num="247" count="0" type="stmt"/>
        <line num="248" count="0" type="stmt"/>
        <line num="250" count="1" type="cond" truecount="0" falsecount="1"/>
        <line num="251" count="0" type="stmt"/>
        <line num="252" count="0" type="stmt"/>
        <line num="256" count="1" type="stmt"/>
        <line num="259" count="1" type="stmt"/>
        <line num="260" count="1" type="stmt"/>
        <line num="263" count="1" type="stmt"/>
        <line num="266" count="1" type="stmt"/>
        <line num="267" count="1" type="stmt"/>
        <line num="268" count="1" type="stmt"/>
        <line num="269" count="1" type="stmt"/>
        <line num="271" count="1" type="stmt"/>
        <line num="280" count="8" type="stmt"/>
        <line num="281" count="1" type="stmt"/>
        <line num="282" count="1" type="stmt"/>
        <line num="284" count="1" type="cond" truecount="0" falsecount="1"/>
        <line num="286" count="1" type="stmt"/>
        <line num="287" count="1" type="stmt"/>
        <line num="289" count="0" type="stmt"/>
        <line num="290" count="0" type="cond" truecount="0" falsecount="2"/>
        <line num="295" count="8" type="stmt"/>
        <line num="296" count="0" type="stmt"/>
        <line num="297" count="0" type="stmt"/>
        <line num="298" count="0" type="cond" truecount="0" falsecount="1"/>
        <line num="300" count="0" type="stmt"/>
        <line num="301" count="0" type="stmt"/>
        <line num="303" count="0" type="stmt"/>
        <line num="308" count="8" type="stmt"/>
        <line num="309" count="0" type="stmt"/>
        <line num="312" count="8" type="stmt"/>
        <line num="313" count="0" type="stmt"/>
        <line num="316" count="8" type="stmt"/>
        <line num="317" count="0" type="stmt"/>
        <line num="321" count="8" type="stmt"/>
        <line num="324" count="8" type="stmt"/>
        <line num="329" count="2" type="cond" truecount="3" falsecount="0"/>
        <line num="330" count="1" type="cond" truecount="0" falsecount="1"/>
        <line num="332" count="1" type="stmt"/>
        <line num="339" count="6" type="cond" truecount="0" falsecount="1"/>
        <line num="340" count="6" type="cond" truecount="0" falsecount="1"/>
        <line num="342" count="6" type="stmt"/>
        <line num="343" count="6" type="cond" truecount="0" falsecount="1"/>
        <line num="345" count="6" type="stmt"/>
        <line num="347" count="6" type="stmt"/>
        <line num="352" count="6" type="stmt"/>
        <line num="360" count="1" type="stmt"/>
        <line num="362" count="1" type="cond" truecount="1" falsecount="0"/>
        <line num="363" count="1" type="stmt"/>
        <line num="364" count="1" type="stmt"/>
        <line num="370" count="2" type="cond" truecount="1" falsecount="0"/>
        <line num="371" count="1" type="cond" truecount="0" falsecount="1"/>
        <line num="373" count="1" type="stmt"/>
        <line num="375" count="1" type="stmt"/>
        <line num="377" count="1" type="stmt"/>
        <line num="383" count="1" type="stmt"/>
        <line num="389" count="0" type="stmt"/>
        <line num="390" count="0" type="cond" truecount="0" falsecount="2"/>
        <line num="392" count="1" type="stmt"/>
        <line num="393" count="1" type="stmt"/>
        <line num="398" count="8" type="cond" truecount="0" falsecount="1"/>
        <line num="400" count="8" type="stmt"/>
        <line num="402" count="8" type="stmt"/>
        <line num="403" count="8" type="cond" truecount="0" falsecount="1"/>
        <line num="405" count="8" type="cond" truecount="2" falsecount="0"/>
        <line num="406" count="7" type="stmt"/>
        <line num="407" count="7" type="stmt"/>
        <line num="410" count="7" type="stmt"/>
        <line num="411" count="7" type="stmt"/>
        <line num="412" count="7" type="stmt"/>
        <line num="413" count="1" type="cond" truecount="3" falsecount="1"/>
        <line num="414" count="1" type="stmt"/>
        <line num="415" count="0" type="cond" truecount="0" falsecount="1"/>
        <line num="416" count="0" type="stmt"/>
        <line num="423" count="7" type="stmt"/>
        <line num="424" count="7" type="stmt"/>
        <line num="427" count="7" type="stmt"/>
        <line num="437" count="7" type="cond" truecount="1" falsecount="0"/>
        <line num="438" count="7" type="stmt"/>
        <line num="442" count="7" type="stmt"/>
        <line num="454" count="1" type="cond" truecount="0" falsecount="1"/>
        <line num="456" count="1" type="stmt"/>
        <line num="458" count="1" type="cond" truecount="0" falsecount="1"/>
        <line num="459" count="0" type="stmt"/>
        <line num="460" count="0" type="stmt"/>
        <line num="461" count="0" type="stmt"/>
        <line num="464" count="1" type="stmt"/>
        <line num="467" count="1" type="stmt"/>
        <line num="471" count="1" type="stmt"/>
        <line num="473" count="1" type="stmt"/>
        <line num="477" count="1" type="stmt"/>
        <line num="478" count="1" type="cond" truecount="1" falsecount="0"/>
        <line num="479" count="1" type="stmt"/>
        <line num="480" count="1" type="stmt"/>
        <line num="486" count="1" type="stmt"/>
        <line num="487" count="1" type="stmt"/>
        <line num="493" count="17" type="cond" truecount="0" falsecount="1"/>
        <line num="494" count="17" type="stmt"/>
        <line num="495" count="17" type="stmt"/>
        <line num="499" count="7" type="stmt"/>
        <line num="503" count="0" type="stmt"/>
        <line num="507" count="0" type="stmt"/>
        <line num="508" count="0" type="stmt"/>
        <line num="512" count="1" type="stmt"/>
      </file>
    </package>
  </project>
</coverage>
