{"/home/kasm-user/workspace/dspy/qalamcolab/src/middleware.ts": {"path":"/home/kasm-user/workspace/dspy/qalamcolab/src/middleware.ts","statementMap":{"0":{"start":{"line":12,"column":0},"end":{"line":12,"column":7}},"1":{"start":{"line":9,"column":0},"end":{"line":9,"column":70}},"2":{"start":{"line":10,"column":0},"end":{"line":10,"column":60}},"3":{"start":{"line":13,"column":19},"end":{"line":17,"column":6}},"4":{"start":{"line":19,"column":21},"end":{"line":62,"column":null}},"5":{"start":{"line":25,"column":20},"end":{"line":25,"column":null}},"6":{"start":{"line":28,"column":20},"end":{"line":32,"column":null}},"7":{"start":{"line":33,"column":20},"end":{"line":37,"column":null}},"8":{"start":{"line":38,"column":20},"end":{"line":42,"column":null}},"9":{"start":{"line":45,"column":20},"end":{"line":49,"column":null}},"10":{"start":{"line":50,"column":20},"end":{"line":54,"column":null}},"11":{"start":{"line":55,"column":20},"end":{"line":59,"column":null}},"12":{"start":{"line":66,"column":31},"end":{"line":66,"column":60}},"13":{"start":{"line":69,"column":27},"end":{"line":69,"column":68}},"14":{"start":{"line":70,"column":28},"end":{"line":71,"column":null}},"15":{"start":{"line":71,"column":8},"end":{"line":71,"column":49}},"16":{"start":{"line":74,"column":4},"end":{"line":78,"column":5}},"17":{"start":{"line":75,"column":28},"end":{"line":75,"column":63}},"18":{"start":{"line":76,"column":8},"end":{"line":76,"column":null}},"19":{"start":{"line":77,"column":8},"end":{"line":77,"column":null}},"20":{"start":{"line":81,"column":22},"end":{"line":81,"column":53}},"21":{"start":{"line":82,"column":23},"end":{"line":83,"column":null}},"22":{"start":{"line":83,"column":8},"end":{"line":83,"column":41}},"23":{"start":{"line":86,"column":4},"end":{"line":88,"column":5}},"24":{"start":{"line":87,"column":8},"end":{"line":87,"column":null}},"25":{"start":{"line":90,"column":4},"end":{"line":90,"column":null}},"26":{"start":{"line":93,"column":13},"end":{"line":105,"column":null}}},"fnMap":{"0":{"name":"middleware","decl":{"start":{"line":12,"column":22},"end":{"line":12,"column":32}},"loc":{"start":{"line":12,"column":53},"end":{"line":91,"column":1}}},"1":{"name":"(anonymous_1)","decl":{"start":{"line":24,"column":16},"end":{"line":24,"column":19}},"loc":{"start":{"line":24,"column":32},"end":{"line":26,"column":17}}},"2":{"name":"(anonymous_2)","decl":{"start":{"line":27,"column":16},"end":{"line":27,"column":19}},"loc":{"start":{"line":27,"column":71},"end":{"line":43,"column":17}}},"3":{"name":"(anonymous_3)","decl":{"start":{"line":44,"column":16},"end":{"line":44,"column":22}},"loc":{"start":{"line":44,"column":59},"end":{"line":60,"column":17}}},"4":{"name":"(anonymous_4)","decl":{"start":{"line":70,"column":48},"end":{"line":70,"column":52}},"loc":{"start":{"line":71,"column":8},"end":{"line":71,"column":49}}},"5":{"name":"(anonymous_5)","decl":{"start":{"line":82,"column":38},"end":{"line":82,"column":42}},"loc":{"start":{"line":83,"column":8},"end":{"line":83,"column":41}}}},"branchMap":{"0":{"loc":{"start":{"line":74,"column":4},"end":{"line":78,"column":5}},"type":"if","locations":[{"start":{"line":74,"column":4},"end":{"line":78,"column":5}}]},"1":{"loc":{"start":{"line":74,"column":8},"end":{"line":74,"column":32}},"type":"binary-expr","locations":[{"start":{"line":74,"column":8},"end":{"line":74,"column":23}},{"start":{"line":74,"column":27},"end":{"line":74,"column":32}}]},"2":{"loc":{"start":{"line":86,"column":4},"end":{"line":88,"column":5}},"type":"if","locations":[{"start":{"line":86,"column":4},"end":{"line":88,"column":5}}]},"3":{"loc":{"start":{"line":86,"column":8},"end":{"line":86,"column":26}},"type":"binary-expr","locations":[{"start":{"line":86,"column":8},"end":{"line":86,"column":18}},{"start":{"line":86,"column":22},"end":{"line":86,"column":26}}]}},"s":{"0":1,"1":1,"2":1,"3":5,"4":5,"5":0,"6":0,"7":0,"8":0,"9":0,"10":0,"11":0,"12":5,"13":5,"14":5,"15":11,"16":5,"17":1,"18":1,"19":1,"20":4,"21":4,"22":7,"23":4,"24":1,"25":3,"26":1},"f":{"0":5,"1":0,"2":0,"3":0,"4":11,"5":7},"b":{"0":[1],"1":[5,2],"2":[1],"3":[4,1]}}
,"/home/kasm-user/workspace/dspy/qalamcolab/src/lib/yjs/persistence.ts": {"path":"/home/kasm-user/workspace/dspy/qalamcolab/src/lib/yjs/persistence.ts","statementMap":{"0":{"start":{"line":15,"column":0},"end":{"line":15,"column":25}},"1":{"start":{"line":45,"column":12},"end":{"line":45,"column":69}},"2":{"start":{"line":46,"column":12},"end":{"line":46,"column":29}},"3":{"start":{"line":47,"column":12},"end":{"line":47,"column":32}},"4":{"start":{"line":48,"column":12},"end":{"line":48,"column":32}},"5":{"start":{"line":54,"column":12},"end":{"line":54,"column":59}},"6":{"start":{"line":145,"column":12},"end":{"line":145,"column":45}},"7":{"start":{"line":57,"column":8},"end":{"line":57,"column":45}},"8":{"start":{"line":58,"column":8},"end":{"line":58,"column":31}},"9":{"start":{"line":59,"column":8},"end":{"line":59,"column":58}},"10":{"start":{"line":61,"column":8},"end":{"line":61,"column":63}},"11":{"start":{"line":62,"column":8},"end":{"line":62,"column":55}},"12":{"start":{"line":70,"column":8},"end":{"line":111,"column":9}},"13":{"start":{"line":71,"column":29},"end":{"line":76,"column":14}},"14":{"start":{"line":78,"column":12},"end":{"line":85,"column":13}},"15":{"start":{"line":80,"column":16},"end":{"line":83,"column":17}},"16":{"start":{"line":81,"column":20},"end":{"line":81,"column":92}},"17":{"start":{"line":82,"column":20},"end":{"line":82,"column":27}},"18":{"start":{"line":84,"column":16},"end":{"line":84,"column":83}},"19":{"start":{"line":87,"column":25},"end":{"line":87,"column":46}},"20":{"start":{"line":89,"column":12},"end":{"line":107,"column":13}},"21":{"start":{"line":93,"column":16},"end":{"line":101,"column":17}},"22":{"start":{"line":95,"column":20},"end":{"line":95,"column":70}},"23":{"start":{"line":96,"column":23},"end":{"line":101,"column":17}},"24":{"start":{"line":98,"column":20},"end":{"line":98,"column":61}},"25":{"start":{"line":100,"column":20},"end":{"line":100,"column":60}},"26":{"start":{"line":103,"column":16},"end":{"line":103,"column":68}},"27":{"start":{"line":104,"column":16},"end":{"line":104,"column":74}},"28":{"start":{"line":106,"column":16},"end":{"line":106,"column":74}},"29":{"start":{"line":109,"column":12},"end":{"line":109,"column":75}},"30":{"start":{"line":110,"column":12},"end":{"line":110,"column":24}},"31":{"start":{"line":120,"column":8},"end":{"line":123,"column":9}},"32":{"start":{"line":121,"column":12},"end":{"line":121,"column":43}},"33":{"start":{"line":122,"column":12},"end":{"line":122,"column":36}},"34":{"start":{"line":125,"column":8},"end":{"line":125,"column":26}},"35":{"start":{"line":132,"column":8},"end":{"line":132,"column":52}},"36":{"start":{"line":132,"column":40},"end":{"line":132,"column":52}},"37":{"start":{"line":134,"column":35},"end":{"line":134,"column":64}},"38":{"start":{"line":135,"column":8},"end":{"line":135,"column":80}},"39":{"start":{"line":142,"column":8},"end":{"line":142,"column":33}},"40":{"start":{"line":151,"column":8},"end":{"line":151,"column":37}},"41":{"start":{"line":151,"column":30},"end":{"line":151,"column":37}},"42":{"start":{"line":152,"column":8},"end":{"line":152,"column":32}},"43":{"start":{"line":155,"column":8},"end":{"line":158,"column":9}},"44":{"start":{"line":156,"column":12},"end":{"line":156,"column":43}},"45":{"start":{"line":157,"column":12},"end":{"line":157,"column":36}},"46":{"start":{"line":161,"column":8},"end":{"line":161,"column":56}},"47":{"start":{"line":169,"column":8},"end":{"line":169,"column":37}},"48":{"start":{"line":169,"column":30},"end":{"line":169,"column":37}},"49":{"start":{"line":172,"column":8},"end":{"line":175,"column":9}},"50":{"start":{"line":173,"column":12},"end":{"line":173,"column":36}},"51":{"start":{"line":174,"column":12},"end":{"line":174,"column":19}},"52":{"start":{"line":178,"column":8},"end":{"line":180,"column":9}},"53":{"start":{"line":179,"column":12},"end":{"line":179,"column":43}},"54":{"start":{"line":182,"column":8},"end":{"line":186,"column":30}},"55":{"start":{"line":183,"column":12},"end":{"line":185,"column":15}},"56":{"start":{"line":184,"column":16},"end":{"line":184,"column":75}},"57":{"start":{"line":190,"column":8},"end":{"line":190,"column":37}},"58":{"start":{"line":190,"column":30},"end":{"line":190,"column":37}},"59":{"start":{"line":191,"column":8},"end":{"line":191,"column":34}},"60":{"start":{"line":191,"column":27},"end":{"line":191,"column":34}},"61":{"start":{"line":194,"column":8},"end":{"line":197,"column":9}},"62":{"start":{"line":195,"column":12},"end":{"line":195,"column":63}},"63":{"start":{"line":196,"column":12},"end":{"line":196,"column":19}},"64":{"start":{"line":199,"column":8},"end":{"line":199,"column":29}},"65":{"start":{"line":200,"column":8},"end":{"line":200,"column":32}},"66":{"start":{"line":202,"column":8},"end":{"line":236,"column":9}},"67":{"start":{"line":203,"column":26},"end":{"line":203,"column":57}},"68":{"start":{"line":204,"column":32},"end":{"line":204,"column":62}},"69":{"start":{"line":206,"column":29},"end":{"line":214,"column":14}},"70":{"start":{"line":216,"column":12},"end":{"line":218,"column":13}},"71":{"start":{"line":217,"column":16},"end":{"line":217,"column":83}},"72":{"start":{"line":221,"column":12},"end":{"line":221,"column":70}},"73":{"start":{"line":222,"column":12},"end":{"line":222,"column":43}},"74":{"start":{"line":224,"column":12},"end":{"line":224,"column":105}},"75":{"start":{"line":226,"column":12},"end":{"line":226,"column":66}},"76":{"start":{"line":227,"column":12},"end":{"line":227,"column":24}},"77":{"start":{"line":229,"column":12},"end":{"line":229,"column":34}},"78":{"start":{"line":232,"column":12},"end":{"line":235,"column":13}},"79":{"start":{"line":233,"column":16},"end":{"line":233,"column":41}},"80":{"start":{"line":234,"column":16},"end":{"line":234,"column":36}},"81":{"start":{"line":241,"column":8},"end":{"line":246,"column":9}},"82":{"start":{"line":242,"column":27},"end":{"line":244,"column":25}},"83":{"start":{"line":243,"column":31},"end":{"line":243,"column":56}},"84":{"start":{"line":245,"column":12},"end":{"line":245,"column":32}},"85":{"start":{"line":249,"column":8},"end":{"line":249,"column":52}},"86":{"start":{"line":254,"column":8},"end":{"line":261,"column":9}},"87":{"start":{"line":255,"column":27},"end":{"line":255,"column":39}},"88":{"start":{"line":256,"column":26},"end":{"line":256,"column":55}},"89":{"start":{"line":257,"column":12},"end":{"line":259,"column":13}},"90":{"start":{"line":257,"column":25},"end":{"line":257,"column":26}},"91":{"start":{"line":258,"column":16},"end":{"line":258,"column":48}},"92":{"start":{"line":260,"column":12},"end":{"line":260,"column":25}},"93":{"start":{"line":264,"column":8},"end":{"line":264,"column":61}},"94":{"start":{"line":268,"column":8},"end":{"line":268,"column":48}},"95":{"start":{"line":268,"column":35},"end":{"line":268,"column":48}},"96":{"start":{"line":269,"column":8},"end":{"line":271,"column":9}},"97":{"start":{"line":269,"column":21},"end":{"line":269,"column":22}},"98":{"start":{"line":270,"column":12},"end":{"line":270,"column":44}},"99":{"start":{"line":270,"column":31},"end":{"line":270,"column":44}},"100":{"start":{"line":272,"column":8},"end":{"line":272,"column":20}},"101":{"start":{"line":41,"column":0},"end":{"line":41,"column":13}},"102":{"start":{"line":276,"column":0},"end":{"line":276,"column":30}}},"fnMap":{"0":{"name":"(anonymous_9)","decl":{"start":{"line":56,"column":4},"end":{"line":56,"column":16}},"loc":{"start":{"line":56,"column":46},"end":{"line":63,"column":5}}},"1":{"name":"(anonymous_10)","decl":{"start":{"line":69,"column":4},"end":{"line":69,"column":9}},"loc":{"start":{"line":69,"column":14},"end":{"line":112,"column":5}}},"2":{"name":"(anonymous_11)","decl":{"start":{"line":118,"column":4},"end":{"line":118,"column":9}},"loc":{"start":{"line":118,"column":17},"end":{"line":126,"column":5}}},"3":{"name":"(anonymous_12)","decl":{"start":{"line":131,"column":4},"end":{"line":131,"column":21}},"loc":{"start":{"line":131,"column":21},"end":{"line":136,"column":5}}},"4":{"name":"(anonymous_13)","decl":{"start":{"line":141,"column":4},"end":{"line":141,"column":19}},"loc":{"start":{"line":141,"column":19},"end":{"line":143,"column":5}}},"5":{"name":"(anonymous_14)","decl":{"start":{"line":150,"column":4},"end":{"line":150,"column":11}},"loc":{"start":{"line":150,"column":11},"end":{"line":162,"column":5}}},"6":{"name":"(anonymous_15)","decl":{"start":{"line":168,"column":12},"end":{"line":168,"column":24}},"loc":{"start":{"line":168,"column":24},"end":{"line":187,"column":5}}},"7":{"name":"(anonymous_16)","decl":{"start":{"line":182,"column":38},"end":{"line":182,"column":41}},"loc":{"start":{"line":182,"column":43},"end":{"line":186,"column":9}}},"8":{"name":"(anonymous_17)","decl":{"start":{"line":183,"column":30},"end":{"line":183,"column":31}},"loc":{"start":{"line":183,"column":40},"end":{"line":185,"column":13}}},"9":{"name":"(anonymous_18)","decl":{"start":{"line":189,"column":12},"end":{"line":189,"column":17}},"loc":{"start":{"line":189,"column":22},"end":{"line":237,"column":5}}},"10":{"name":"(anonymous_19)","decl":{"start":{"line":239,"column":12},"end":{"line":239,"column":30}},"loc":{"start":{"line":239,"column":47},"end":{"line":250,"column":5}}},"11":{"name":"(anonymous_20)","decl":{"start":{"line":243,"column":21},"end":{"line":243,"column":22}},"loc":{"start":{"line":243,"column":31},"end":{"line":243,"column":56}}},"12":{"name":"(anonymous_21)","decl":{"start":{"line":252,"column":12},"end":{"line":252,"column":30}},"loc":{"start":{"line":252,"column":45},"end":{"line":265,"column":5}}},"13":{"name":"(anonymous_22)","decl":{"start":{"line":267,"column":12},"end":{"line":267,"column":23}},"loc":{"start":{"line":267,"column":52},"end":{"line":273,"column":5}}}},"branchMap":{"0":{"loc":{"start":{"line":59,"column":28},"end":{"line":59,"column":57}},"type":"binary-expr","locations":[{"start":{"line":59,"column":28},"end":{"line":59,"column":48}},{"start":{"line":59,"column":52},"end":{"line":59,"column":57}}]},"1":{"loc":{"start":{"line":78,"column":12},"end":{"line":85,"column":13}},"type":"if","locations":[{"start":{"line":78,"column":12},"end":{"line":85,"column":13}}]},"2":{"loc":{"start":{"line":80,"column":16},"end":{"line":83,"column":17}},"type":"if","locations":[{"start":{"line":80,"column":16},"end":{"line":83,"column":17}}]},"3":{"loc":{"start":{"line":89,"column":12},"end":{"line":107,"column":13}},"type":"if","locations":[{"start":{"line":89,"column":12},"end":{"line":107,"column":13}}]},"4":{"loc":{"start":{"line":93,"column":16},"end":{"line":101,"column":17}},"type":"if","locations":[{"start":{"line":93,"column":16},"end":{"line":101,"column":17}},{"start":{"line":96,"column":23},"end":{"line":101,"column":17}}]},"5":{"loc":{"start":{"line":96,"column":23},"end":{"line":101,"column":17}},"type":"if","locations":[{"start":{"line":96,"column":23},"end":{"line":101,"column":17}},{"start":{"line":99,"column":23},"end":{"line":101,"column":17}}]},"6":{"loc":{"start":{"line":120,"column":8},"end":{"line":123,"column":9}},"type":"if","locations":[{"start":{"line":120,"column":8},"end":{"line":123,"column":9}}]},"7":{"loc":{"start":{"line":132,"column":8},"end":{"line":132,"column":52}},"type":"if","locations":[{"start":{"line":132,"column":8},"end":{"line":132,"column":52}}]},"8":{"loc":{"start":{"line":151,"column":8},"end":{"line":151,"column":37}},"type":"if","locations":[{"start":{"line":151,"column":8},"end":{"line":151,"column":37}}]},"9":{"loc":{"start":{"line":155,"column":8},"end":{"line":158,"column":9}},"type":"if","locations":[{"start":{"line":155,"column":8},"end":{"line":158,"column":9}}]},"10":{"loc":{"start":{"line":169,"column":8},"end":{"line":169,"column":37}},"type":"if","locations":[{"start":{"line":169,"column":8},"end":{"line":169,"column":37}}]},"11":{"loc":{"start":{"line":172,"column":8},"end":{"line":175,"column":9}},"type":"if","locations":[{"start":{"line":172,"column":8},"end":{"line":175,"column":9}}]},"12":{"loc":{"start":{"line":178,"column":8},"end":{"line":180,"column":9}},"type":"if","locations":[{"start":{"line":178,"column":8},"end":{"line":180,"column":9}}]},"13":{"loc":{"start":{"line":190,"column":8},"end":{"line":190,"column":37}},"type":"if","locations":[{"start":{"line":190,"column":8},"end":{"line":190,"column":37}}]},"14":{"loc":{"start":{"line":191,"column":8},"end":{"line":191,"column":34}},"type":"if","locations":[{"start":{"line":191,"column":8},"end":{"line":191,"column":34}}]},"15":{"loc":{"start":{"line":194,"column":8},"end":{"line":197,"column":9}},"type":"if","locations":[{"start":{"line":194,"column":8},"end":{"line":197,"column":9}}]},"16":{"loc":{"start":{"line":216,"column":12},"end":{"line":218,"column":13}},"type":"if","locations":[{"start":{"line":216,"column":12},"end":{"line":218,"column":13}}]},"17":{"loc":{"start":{"line":232,"column":12},"end":{"line":235,"column":13}},"type":"if","locations":[{"start":{"line":232,"column":12},"end":{"line":235,"column":13}}]},"18":{"loc":{"start":{"line":232,"column":16},"end":{"line":232,"column":53}},"type":"binary-expr","locations":[{"start":{"line":232,"column":16},"end":{"line":232,"column":32}},{"start":{"line":232,"column":36},"end":{"line":232,"column":53}}]},"19":{"loc":{"start":{"line":241,"column":8},"end":{"line":246,"column":9}},"type":"if","locations":[{"start":{"line":241,"column":8},"end":{"line":246,"column":9}}]},"20":{"loc":{"start":{"line":254,"column":8},"end":{"line":261,"column":9}},"type":"if","locations":[{"start":{"line":254,"column":8},"end":{"line":261,"column":9}}]},"21":{"loc":{"start":{"line":268,"column":8},"end":{"line":268,"column":48}},"type":"if","locations":[{"start":{"line":268,"column":8},"end":{"line":268,"column":48}}]},"22":{"loc":{"start":{"line":270,"column":12},"end":{"line":270,"column":44}},"type":"if","locations":[{"start":{"line":270,"column":12},"end":{"line":270,"column":44}}]}},"s":{"0":1,"1":6,"2":6,"3":6,"4":6,"5":6,"6":6,"7":6,"8":6,"9":6,"10":6,"11":6,"12":2,"13":2,"14":2,"15":1,"16":1,"17":1,"18":0,"19":1,"20":1,"21":1,"22":1,"23":0,"24":0,"25":0,"26":1,"27":1,"28":1,"29":0,"30":0,"31":4,"32":2,"33":2,"34":4,"35":5,"36":4,"37":1,"38":1,"39":0,"40":6,"41":0,"42":6,"43":6,"44":1,"45":1,"46":6,"47":4,"48":0,"49":4,"50":0,"51":0,"52":4,"53":0,"54":4,"55":1,"56":0,"57":5,"58":0,"59":5,"60":0,"61":5,"62":1,"63":1,"64":4,"65":4,"66":4,"67":4,"68":4,"69":4,"70":4,"71":1,"72":3,"73":3,"74":3,"75":1,"76":1,"77":4,"78":4,"79":0,"80":0,"81":4,"82":4,"83":97,"84":4,"85":0,"86":1,"87":1,"88":1,"89":1,"90":1,"91":36,"92":1,"93":0,"94":1,"95":0,"96":1,"97":1,"98":1,"99":0,"100":1,"101":1,"102":1},"f":{"0":6,"1":2,"2":4,"3":5,"4":0,"5":6,"6":4,"7":1,"8":0,"9":5,"10":4,"11":97,"12":1,"13":1},"b":{"0":[6,5],"1":[1],"2":[1],"3":[1],"4":[1,0],"5":[0,0],"6":[2],"7":[4],"8":[0],"9":[1],"10":[0],"11":[0],"12":[0],"13":[0],"14":[0],"15":[1],"16":[1],"17":[0],"18":[4,0],"19":[4],"20":[1],"21":[0],"22":[0]}}
,"/home/kasm-user/workspace/dspy/qalamcolab/src/lib/yjs/supabase-provider.ts": {"path":"/home/kasm-user/workspace/dspy/qalamcolab/src/lib/yjs/supabase-provider.ts","statementMap":{"0":{"start":{"line":16,"column":0},"end":{"line":16,"column":25}},"1":{"start":{"line":17,"column":0},"end":{"line":17,"column":95}},"2":{"start":{"line":18,"column":0},"end":{"line":18,"column":53}},"3":{"start":{"line":60,"column":12},"end":{"line":60,"column":46}},"4":{"start":{"line":61,"column":12},"end":{"line":61,"column":70}},"5":{"start":{"line":66,"column":12},"end":{"line":66,"column":34}},"6":{"start":{"line":67,"column":12},"end":{"line":67,"column":74}},"7":{"start":{"line":70,"column":12},"end":{"line":70,"column":61}},"8":{"start":{"line":71,"column":12},"end":{"line":71,"column":28}},"9":{"start":{"line":72,"column":12},"end":{"line":72,"column":31}},"10":{"start":{"line":76,"column":12},"end":{"line":76,"column":87}},"11":{"start":{"line":77,"column":12},"end":{"line":77,"column":57}},"12":{"start":{"line":78,"column":12},"end":{"line":78,"column":68}},"13":{"start":{"line":79,"column":12},"end":{"line":79,"column":83}},"14":{"start":{"line":89,"column":8},"end":{"line":89,"column":39}},"15":{"start":{"line":90,"column":8},"end":{"line":90,"column":31}},"16":{"start":{"line":91,"column":8},"end":{"line":91,"column":37}},"17":{"start":{"line":92,"column":8},"end":{"line":92,"column":70}},"18":{"start":{"line":93,"column":8},"end":{"line":93,"column":58}},"19":{"start":{"line":94,"column":8},"end":{"line":94,"column":71}},"20":{"start":{"line":95,"column":8},"end":{"line":95,"column":69}},"21":{"start":{"line":98,"column":8},"end":{"line":98,"column":86}},"22":{"start":{"line":101,"column":8},"end":{"line":106,"column":11}},"23":{"start":{"line":109,"column":8},"end":{"line":109,"column":69}},"24":{"start":{"line":110,"column":8},"end":{"line":110,"column":81}},"25":{"start":{"line":112,"column":8},"end":{"line":112,"column":30}},"26":{"start":{"line":113,"column":8},"end":{"line":113,"column":23}},"27":{"start":{"line":120,"column":8},"end":{"line":120,"column":28}},"28":{"start":{"line":127,"column":8},"end":{"line":127,"column":28}},"29":{"start":{"line":134,"column":30},"end":{"line":134,"column":75}},"30":{"start":{"line":135,"column":8},"end":{"line":135,"column":51}},"31":{"start":{"line":142,"column":8},"end":{"line":142,"column":49}},"32":{"start":{"line":142,"column":42},"end":{"line":142,"column":49}},"33":{"start":{"line":144,"column":8},"end":{"line":151,"column":9}},"34":{"start":{"line":145,"column":12},"end":{"line":148,"column":15}},"35":{"start":{"line":150,"column":12},"end":{"line":150,"column":86}},"36":{"start":{"line":172,"column":8},"end":{"line":185,"column":9}},"37":{"start":{"line":174,"column":16},"end":{"line":174,"column":95}},"38":{"start":{"line":175,"column":16},"end":{"line":175,"column":22}},"39":{"start":{"line":177,"column":16},"end":{"line":177,"column":65}},"40":{"start":{"line":178,"column":16},"end":{"line":178,"column":22}},"41":{"start":{"line":180,"column":16},"end":{"line":180,"column":76}},"42":{"start":{"line":181,"column":16},"end":{"line":181,"column":22}},"43":{"start":{"line":183,"column":16},"end":{"line":183,"column":91}},"44":{"start":{"line":184,"column":16},"end":{"line":184,"column":22}},"45":{"start":{"line":206,"column":8},"end":{"line":219,"column":9}},"46":{"start":{"line":208,"column":16},"end":{"line":208,"column":98}},"47":{"start":{"line":209,"column":16},"end":{"line":209,"column":22}},"48":{"start":{"line":211,"column":16},"end":{"line":211,"column":68}},"49":{"start":{"line":212,"column":16},"end":{"line":212,"column":22}},"50":{"start":{"line":214,"column":16},"end":{"line":214,"column":79}},"51":{"start":{"line":215,"column":16},"end":{"line":215,"column":22}},"52":{"start":{"line":217,"column":16},"end":{"line":217,"column":94}},"53":{"start":{"line":218,"column":16},"end":{"line":218,"column":22}},"54":{"start":{"line":226,"column":8},"end":{"line":226,"column":35}},"55":{"start":{"line":233,"column":8},"end":{"line":233,"column":36}},"56":{"start":{"line":233,"column":29},"end":{"line":233,"column":36}},"57":{"start":{"line":234,"column":8},"end":{"line":234,"column":35}},"58":{"start":{"line":235,"column":8},"end":{"line":235,"column":23}},"59":{"start":{"line":242,"column":8},"end":{"line":242,"column":36}},"60":{"start":{"line":242,"column":29},"end":{"line":242,"column":36}},"61":{"start":{"line":243,"column":8},"end":{"line":243,"column":31}},"62":{"start":{"line":246,"column":8},"end":{"line":249,"column":9}},"63":{"start":{"line":247,"column":12},"end":{"line":247,"column":44}},"64":{"start":{"line":248,"column":12},"end":{"line":248,"column":37}},"65":{"start":{"line":250,"column":8},"end":{"line":253,"column":9}},"66":{"start":{"line":251,"column":12},"end":{"line":251,"column":48}},"67":{"start":{"line":252,"column":12},"end":{"line":252,"column":41}},"68":{"start":{"line":256,"column":8},"end":{"line":256,"column":35}},"69":{"start":{"line":259,"column":8},"end":{"line":259,"column":59}},"70":{"start":{"line":260,"column":8},"end":{"line":260,"column":71}},"71":{"start":{"line":263,"column":8},"end":{"line":263,"column":35}},"72":{"start":{"line":266,"column":8},"end":{"line":266,"column":37}},"73":{"start":{"line":267,"column":8},"end":{"line":267,"column":37}},"74":{"start":{"line":268,"column":8},"end":{"line":268,"column":36}},"75":{"start":{"line":269,"column":8},"end":{"line":269,"column":39}},"76":{"start":{"line":271,"column":8},"end":{"line":271,"column":39}},"77":{"start":{"line":280,"column":8},"end":{"line":292,"column":11}},"78":{"start":{"line":281,"column":12},"end":{"line":291,"column":13}},"79":{"start":{"line":282,"column":29},"end":{"line":282,"column":67}},"80":{"start":{"line":284,"column":16},"end":{"line":284,"column":60}},"81":{"start":{"line":284,"column":53},"end":{"line":284,"column":60}},"82":{"start":{"line":286,"column":31},"end":{"line":286,"column":58}},"83":{"start":{"line":287,"column":16},"end":{"line":287,"column":58}},"84":{"start":{"line":289,"column":16},"end":{"line":289,"column":83}},"85":{"start":{"line":290,"column":16},"end":{"line":290,"column":90}},"86":{"start":{"line":295,"column":8},"end":{"line":305,"column":11}},"87":{"start":{"line":296,"column":12},"end":{"line":304,"column":13}},"88":{"start":{"line":297,"column":29},"end":{"line":297,"column":76}},"89":{"start":{"line":298,"column":16},"end":{"line":298,"column":60}},"90":{"start":{"line":298,"column":53},"end":{"line":298,"column":60}},"91":{"start":{"line":300,"column":31},"end":{"line":300,"column":58}},"92":{"start":{"line":301,"column":16},"end":{"line":301,"column":71}},"93":{"start":{"line":303,"column":16},"end":{"line":303,"column":93}},"94":{"start":{"line":308,"column":8},"end":{"line":310,"column":11}},"95":{"start":{"line":309,"column":12},"end":{"line":309,"column":32}},"96":{"start":{"line":312,"column":8},"end":{"line":314,"column":11}},"97":{"start":{"line":313,"column":12},"end":{"line":313,"column":32}},"98":{"start":{"line":316,"column":8},"end":{"line":318,"column":11}},"99":{"start":{"line":317,"column":12},"end":{"line":317,"column":32}},"100":{"start":{"line":321,"column":8},"end":{"line":321,"column":58}},"101":{"start":{"line":324,"column":8},"end":{"line":324,"column":70}},"102":{"start":{"line":329,"column":8},"end":{"line":329,"column":68}},"103":{"start":{"line":329,"column":61},"end":{"line":329,"column":68}},"104":{"start":{"line":330,"column":8},"end":{"line":330,"column":49}},"105":{"start":{"line":330,"column":42},"end":{"line":330,"column":49}},"106":{"start":{"line":332,"column":8},"end":{"line":332,"column":33}},"107":{"start":{"line":339,"column":8},"end":{"line":339,"column":40}},"108":{"start":{"line":339,"column":33},"end":{"line":339,"column":40}},"109":{"start":{"line":340,"column":8},"end":{"line":340,"column":49}},"110":{"start":{"line":340,"column":42},"end":{"line":340,"column":49}},"111":{"start":{"line":342,"column":31},"end":{"line":342,"column":89}},"112":{"start":{"line":343,"column":8},"end":{"line":343,"column":48}},"113":{"start":{"line":343,"column":41},"end":{"line":343,"column":48}},"114":{"start":{"line":345,"column":32},"end":{"line":345,"column":85}},"115":{"start":{"line":347,"column":54},"end":{"line":350,"column":10}},"116":{"start":{"line":352,"column":8},"end":{"line":356,"column":11}},"117":{"start":{"line":360,"column":8},"end":{"line":360,"column":41}},"118":{"start":{"line":362,"column":8},"end":{"line":366,"column":9}},"119":{"start":{"line":363,"column":12},"end":{"line":365,"column":35}},"120":{"start":{"line":364,"column":16},"end":{"line":364,"column":43}},"121":{"start":{"line":370,"column":8},"end":{"line":370,"column":53}},"122":{"start":{"line":370,"column":46},"end":{"line":370,"column":53}},"123":{"start":{"line":371,"column":8},"end":{"line":371,"column":49}},"124":{"start":{"line":371,"column":42},"end":{"line":371,"column":49}},"125":{"start":{"line":373,"column":8},"end":{"line":394,"column":9}},"126":{"start":{"line":375,"column":33},"end":{"line":375,"column":68}},"127":{"start":{"line":377,"column":49},"end":{"line":381,"column":14}},"128":{"start":{"line":383,"column":12},"end":{"line":387,"column":15}},"129":{"start":{"line":389,"column":12},"end":{"line":389,"column":78}},"130":{"start":{"line":390,"column":12},"end":{"line":390,"column":86}},"131":{"start":{"line":392,"column":12},"end":{"line":392,"column":37}},"132":{"start":{"line":393,"column":12},"end":{"line":393,"column":37}},"133":{"start":{"line":398,"column":8},"end":{"line":398,"column":36}},"134":{"start":{"line":398,"column":29},"end":{"line":398,"column":36}},"135":{"start":{"line":400,"column":8},"end":{"line":400,"column":37}},"136":{"start":{"line":402,"column":8},"end":{"line":418,"column":11}},"137":{"start":{"line":403,"column":12},"end":{"line":403,"column":40}},"138":{"start":{"line":403,"column":33},"end":{"line":403,"column":40}},"139":{"start":{"line":405,"column":12},"end":{"line":417,"column":13}},"140":{"start":{"line":406,"column":16},"end":{"line":406,"column":43}},"141":{"start":{"line":407,"column":16},"end":{"line":407,"column":44}},"142":{"start":{"line":410,"column":16},"end":{"line":410,"column":46}},"143":{"start":{"line":411,"column":16},"end":{"line":411,"column":36}},"144":{"start":{"line":412,"column":16},"end":{"line":412,"column":34}},"145":{"start":{"line":413,"column":19},"end":{"line":417,"column":13}},"146":{"start":{"line":414,"column":16},"end":{"line":414,"column":45}},"147":{"start":{"line":415,"column":19},"end":{"line":417,"column":13}},"148":{"start":{"line":416,"column":16},"end":{"line":416,"column":47}},"149":{"start":{"line":423,"column":28},"end":{"line":423,"column":57}},"150":{"start":{"line":424,"column":29},"end":{"line":424,"column":55}},"151":{"start":{"line":427,"column":8},"end":{"line":434,"column":11}},"152":{"start":{"line":437,"column":8},"end":{"line":450,"column":9}},"153":{"start":{"line":438,"column":36},"end":{"line":440,"column":null}},"154":{"start":{"line":442,"column":12},"end":{"line":449,"column":15}},"155":{"start":{"line":454,"column":8},"end":{"line":454,"column":36}},"156":{"start":{"line":454,"column":29},"end":{"line":454,"column":36}},"157":{"start":{"line":456,"column":8},"end":{"line":456,"column":33}},"158":{"start":{"line":458,"column":8},"end":{"line":462,"column":9}},"159":{"start":{"line":459,"column":12},"end":{"line":459,"column":37}},"160":{"start":{"line":460,"column":12},"end":{"line":460,"column":75}},"161":{"start":{"line":461,"column":12},"end":{"line":461,"column":19}},"162":{"start":{"line":464,"column":8},"end":{"line":464,"column":39}},"163":{"start":{"line":467,"column":22},"end":{"line":470,"column":10}},"164":{"start":{"line":471,"column":23},"end":{"line":471,"column":43}},"165":{"start":{"line":473,"column":8},"end":{"line":475,"column":10}},"166":{"start":{"line":477,"column":8},"end":{"line":489,"column":27}},"167":{"start":{"line":478,"column":12},"end":{"line":488,"column":13}},"168":{"start":{"line":479,"column":16},"end":{"line":479,"column":43}},"169":{"start":{"line":480,"column":16},"end":{"line":485,"column":19}},"170":{"start":{"line":486,"column":16},"end":{"line":486,"column":38}},"171":{"start":{"line":487,"column":16},"end":{"line":487,"column":31}},"172":{"start":{"line":493,"column":8},"end":{"line":493,"column":44}},"173":{"start":{"line":493,"column":37},"end":{"line":493,"column":44}},"174":{"start":{"line":494,"column":8},"end":{"line":494,"column":30}},"175":{"start":{"line":495,"column":8},"end":{"line":495,"column":57}},"176":{"start":{"line":495,"column":45},"end":{"line":495,"column":55}},"177":{"start":{"line":499,"column":8},"end":{"line":499,"column":51}},"178":{"start":{"line":499,"column":45},"end":{"line":499,"column":49}},"179":{"start":{"line":503,"column":8},"end":{"line":503,"column":55}},"180":{"start":{"line":503,"column":44},"end":{"line":503,"column":53}},"181":{"start":{"line":507,"column":22},"end":{"line":507,"column":43}},"182":{"start":{"line":508,"column":8},"end":{"line":508,"column":58}},"183":{"start":{"line":508,"column":47},"end":{"line":508,"column":56}},"184":{"start":{"line":51,"column":0},"end":{"line":51,"column":13}},"185":{"start":{"line":512,"column":0},"end":{"line":512,"column":32}}},"fnMap":{"0":{"name":"(anonymous_9)","decl":{"start":{"line":88,"column":4},"end":{"line":88,"column":16}},"loc":{"start":{"line":88,"column":48},"end":{"line":114,"column":5}}},"1":{"name":"(anonymous_10)","decl":{"start":{"line":119,"column":4},"end":{"line":119,"column":8}},"loc":{"start":{"line":119,"column":14},"end":{"line":121,"column":5}}},"2":{"name":"(anonymous_11)","decl":{"start":{"line":126,"column":4},"end":{"line":126,"column":8}},"loc":{"start":{"line":126,"column":14},"end":{"line":128,"column":5}}},"3":{"name":"(anonymous_12)","decl":{"start":{"line":133,"column":4},"end":{"line":133,"column":18}},"loc":{"start":{"line":133,"column":18},"end":{"line":136,"column":5}}},"4":{"name":"(anonymous_13)","decl":{"start":{"line":141,"column":4},"end":{"line":141,"column":9}},"loc":{"start":{"line":141,"column":59},"end":{"line":152,"column":5}}},"5":{"name":"(anonymous_14)","decl":{"start":{"line":157,"column":4},"end":{"line":157,"column":6}},"loc":{"start":{"line":170,"column":48},"end":{"line":186,"column":5}}},"6":{"name":"(anonymous_15)","decl":{"start":{"line":191,"column":4},"end":{"line":191,"column":7}},"loc":{"start":{"line":204,"column":48},"end":{"line":220,"column":5}}},"7":{"name":"(anonymous_16)","decl":{"start":{"line":225,"column":4},"end":{"line":225,"column":16}},"loc":{"start":{"line":225,"column":16},"end":{"line":227,"column":5}}},"8":{"name":"(anonymous_17)","decl":{"start":{"line":232,"column":4},"end":{"line":232,"column":13}},"loc":{"start":{"line":232,"column":13},"end":{"line":236,"column":5}}},"9":{"name":"(anonymous_18)","decl":{"start":{"line":241,"column":4},"end":{"line":241,"column":11}},"loc":{"start":{"line":241,"column":11},"end":{"line":272,"column":5}}},"10":{"name":"(anonymous_19)","decl":{"start":{"line":278,"column":12},"end":{"line":278,"column":26}},"loc":{"start":{"line":278,"column":26},"end":{"line":325,"column":5}}},"11":{"name":"(anonymous_20)","decl":{"start":{"line":280,"column":62},"end":{"line":280,"column":63}},"loc":{"start":{"line":280,"column":74},"end":{"line":292,"column":9}}},"12":{"name":"(anonymous_21)","decl":{"start":{"line":295,"column":61},"end":{"line":295,"column":62}},"loc":{"start":{"line":295,"column":73},"end":{"line":305,"column":9}}},"13":{"name":"(anonymous_22)","decl":{"start":{"line":308,"column":55},"end":{"line":308,"column":58}},"loc":{"start":{"line":308,"column":60},"end":{"line":310,"column":9}}},"14":{"name":"(anonymous_23)","decl":{"start":{"line":312,"column":55},"end":{"line":312,"column":58}},"loc":{"start":{"line":312,"column":60},"end":{"line":314,"column":9}}},"15":{"name":"(anonymous_24)","decl":{"start":{"line":316,"column":56},"end":{"line":316,"column":59}},"loc":{"start":{"line":316,"column":61},"end":{"line":318,"column":9}}},"16":{"name":"(anonymous_25)","decl":{"start":{"line":327,"column":12},"end":{"line":327,"column":27}},"loc":{"start":{"line":327,"column":63},"end":{"line":333,"column":5}}},"17":{"name":"(anonymous_26)","decl":{"start":{"line":335,"column":12},"end":{"line":335,"column":33}},"loc":{"start":{"line":337,"column":23},"end":{"line":357,"column":5}}},"18":{"name":"(anonymous_27)","decl":{"start":{"line":359,"column":12},"end":{"line":359,"column":23}},"loc":{"start":{"line":359,"column":42},"end":{"line":367,"column":5}}},"19":{"name":"(anonymous_28)","decl":{"start":{"line":363,"column":43},"end":{"line":363,"column":46}},"loc":{"start":{"line":363,"column":48},"end":{"line":365,"column":13}}},"20":{"name":"(anonymous_29)","decl":{"start":{"line":369,"column":12},"end":{"line":369,"column":31}},"loc":{"start":{"line":369,"column":31},"end":{"line":395,"column":5}}},"21":{"name":"(anonymous_30)","decl":{"start":{"line":397,"column":12},"end":{"line":397,"column":19}},"loc":{"start":{"line":397,"column":19},"end":{"line":419,"column":5}}},"22":{"name":"(anonymous_31)","decl":{"start":{"line":402,"column":31},"end":{"line":402,"column":36}},"loc":{"start":{"line":402,"column":48},"end":{"line":418,"column":9}}},"23":{"name":"(anonymous_32)","decl":{"start":{"line":421,"column":12},"end":{"line":421,"column":17}},"loc":{"start":{"line":421,"column":34},"end":{"line":451,"column":5}}},"24":{"name":"(anonymous_33)","decl":{"start":{"line":453,"column":12},"end":{"line":453,"column":33}},"loc":{"start":{"line":453,"column":33},"end":{"line":490,"column":5}}},"25":{"name":"(anonymous_34)","decl":{"start":{"line":477,"column":43},"end":{"line":477,"column":46}},"loc":{"start":{"line":477,"column":48},"end":{"line":489,"column":9}}},"26":{"name":"(anonymous_35)","decl":{"start":{"line":492,"column":12},"end":{"line":492,"column":21}},"loc":{"start":{"line":492,"column":52},"end":{"line":496,"column":5}}},"27":{"name":"(anonymous_36)","decl":{"start":{"line":495,"column":37},"end":{"line":495,"column":38}},"loc":{"start":{"line":495,"column":45},"end":{"line":495,"column":55}}},"28":{"name":"(anonymous_37)","decl":{"start":{"line":498,"column":12},"end":{"line":498,"column":22}},"loc":{"start":{"line":498,"column":22},"end":{"line":500,"column":5}}},"29":{"name":"(anonymous_38)","decl":{"start":{"line":499,"column":37},"end":{"line":499,"column":38}},"loc":{"start":{"line":499,"column":45},"end":{"line":499,"column":49}}},"30":{"name":"(anonymous_39)","decl":{"start":{"line":502,"column":12},"end":{"line":502,"column":21}},"loc":{"start":{"line":502,"column":34},"end":{"line":504,"column":5}}},"31":{"name":"(anonymous_40)","decl":{"start":{"line":503,"column":36},"end":{"line":503,"column":37}},"loc":{"start":{"line":503,"column":44},"end":{"line":503,"column":53}}},"32":{"name":"(anonymous_41)","decl":{"start":{"line":506,"column":12},"end":{"line":506,"column":24}},"loc":{"start":{"line":506,"column":24},"end":{"line":509,"column":5}}},"33":{"name":"(anonymous_42)","decl":{"start":{"line":508,"column":39},"end":{"line":508,"column":40}},"loc":{"start":{"line":508,"column":47},"end":{"line":508,"column":56}}}},"branchMap":{"0":{"loc":{"start":{"line":92,"column":25},"end":{"line":92,"column":69}},"type":"binary-expr","locations":[{"start":{"line":92,"column":25},"end":{"line":92,"column":42}},{"start":{"line":92,"column":46},"end":{"line":92,"column":69}}]},"1":{"loc":{"start":{"line":93,"column":29},"end":{"line":93,"column":57}},"type":"binary-expr","locations":[{"start":{"line":93,"column":29},"end":{"line":93,"column":50}},{"start":{"line":93,"column":54},"end":{"line":93,"column":57}}]},"2":{"loc":{"start":{"line":94,"column":36},"end":{"line":94,"column":70}},"type":"binary-expr","locations":[{"start":{"line":94,"column":36},"end":{"line":94,"column":64}},{"start":{"line":94,"column":68},"end":{"line":94,"column":70}}]},"3":{"loc":{"start":{"line":95,"column":34},"end":{"line":95,"column":68}},"type":"binary-expr","locations":[{"start":{"line":95,"column":34},"end":{"line":95,"column":60}},{"start":{"line":95,"column":64},"end":{"line":95,"column":68}}]},"4":{"loc":{"start":{"line":142,"column":8},"end":{"line":142,"column":49}},"type":"if","locations":[{"start":{"line":142,"column":8},"end":{"line":142,"column":49}}]},"5":{"loc":{"start":{"line":150,"column":27},"end":{"line":150,"column":84}},"type":"cond-expr","locations":[{"start":{"line":150,"column":52},"end":{"line":150,"column":57}},{"start":{"line":150,"column":60},"end":{"line":150,"column":84}}]},"6":{"loc":{"start":{"line":172,"column":8},"end":{"line":185,"column":9}},"type":"switch","locations":[{"start":{"line":173,"column":12},"end":{"line":175,"column":22}},{"start":{"line":176,"column":12},"end":{"line":178,"column":22}},{"start":{"line":179,"column":12},"end":{"line":181,"column":22}},{"start":{"line":182,"column":12},"end":{"line":184,"column":22}}]},"7":{"loc":{"start":{"line":206,"column":8},"end":{"line":219,"column":9}},"type":"switch","locations":[{"start":{"line":207,"column":12},"end":{"line":209,"column":22}},{"start":{"line":210,"column":12},"end":{"line":212,"column":22}},{"start":{"line":213,"column":12},"end":{"line":215,"column":22}},{"start":{"line":216,"column":12},"end":{"line":218,"column":22}}]},"8":{"loc":{"start":{"line":233,"column":8},"end":{"line":233,"column":36}},"type":"if","locations":[{"start":{"line":233,"column":8},"end":{"line":233,"column":36}}]},"9":{"loc":{"start":{"line":242,"column":8},"end":{"line":242,"column":36}},"type":"if","locations":[{"start":{"line":242,"column":8},"end":{"line":242,"column":36}}]},"10":{"loc":{"start":{"line":246,"column":8},"end":{"line":249,"column":9}},"type":"if","locations":[{"start":{"line":246,"column":8},"end":{"line":249,"column":9}}]},"11":{"loc":{"start":{"line":250,"column":8},"end":{"line":253,"column":9}},"type":"if","locations":[{"start":{"line":250,"column":8},"end":{"line":253,"column":9}}]},"12":{"loc":{"start":{"line":284,"column":16},"end":{"line":284,"column":60}},"type":"if","locations":[{"start":{"line":284,"column":16},"end":{"line":284,"column":60}}]},"13":{"loc":{"start":{"line":290,"column":31},"end":{"line":290,"column":88}},"type":"cond-expr","locations":[{"start":{"line":290,"column":56},"end":{"line":290,"column":61}},{"start":{"line":290,"column":64},"end":{"line":290,"column":88}}]},"14":{"loc":{"start":{"line":298,"column":16},"end":{"line":298,"column":60}},"type":"if","locations":[{"start":{"line":298,"column":16},"end":{"line":298,"column":60}}]},"15":{"loc":{"start":{"line":329,"column":8},"end":{"line":329,"column":68}},"type":"if","locations":[{"start":{"line":329,"column":8},"end":{"line":329,"column":68}}]},"16":{"loc":{"start":{"line":329,"column":12},"end":{"line":329,"column":59}},"type":"binary-expr","locations":[{"start":{"line":329,"column":12},"end":{"line":329,"column":31}},{"start":{"line":329,"column":35},"end":{"line":329,"column":59}}]},"17":{"loc":{"start":{"line":330,"column":8},"end":{"line":330,"column":49}},"type":"if","locations":[{"start":{"line":330,"column":8},"end":{"line":330,"column":49}}]},"18":{"loc":{"start":{"line":339,"column":8},"end":{"line":339,"column":40}},"type":"if","locations":[{"start":{"line":339,"column":8},"end":{"line":339,"column":40}}]},"19":{"loc":{"start":{"line":340,"column":8},"end":{"line":340,"column":49}},"type":"if","locations":[{"start":{"line":340,"column":8},"end":{"line":340,"column":49}}]},"20":{"loc":{"start":{"line":343,"column":8},"end":{"line":343,"column":48}},"type":"if","locations":[{"start":{"line":343,"column":8},"end":{"line":343,"column":48}}]},"21":{"loc":{"start":{"line":362,"column":8},"end":{"line":366,"column":9}},"type":"if","locations":[{"start":{"line":362,"column":8},"end":{"line":366,"column":9}}]},"22":{"loc":{"start":{"line":370,"column":8},"end":{"line":370,"column":53}},"type":"if","locations":[{"start":{"line":370,"column":8},"end":{"line":370,"column":53}}]},"23":{"loc":{"start":{"line":371,"column":8},"end":{"line":371,"column":49}},"type":"if","locations":[{"start":{"line":371,"column":8},"end":{"line":371,"column":49}}]},"24":{"loc":{"start":{"line":390,"column":27},"end":{"line":390,"column":84}},"type":"cond-expr","locations":[{"start":{"line":390,"column":52},"end":{"line":390,"column":57}},{"start":{"line":390,"column":60},"end":{"line":390,"column":84}}]},"25":{"loc":{"start":{"line":398,"column":8},"end":{"line":398,"column":36}},"type":"if","locations":[{"start":{"line":398,"column":8},"end":{"line":398,"column":36}}]},"26":{"loc":{"start":{"line":403,"column":12},"end":{"line":403,"column":40}},"type":"if","locations":[{"start":{"line":403,"column":12},"end":{"line":403,"column":40}}]},"27":{"loc":{"start":{"line":405,"column":12},"end":{"line":417,"column":13}},"type":"if","locations":[{"start":{"line":405,"column":12},"end":{"line":417,"column":13}},{"start":{"line":413,"column":19},"end":{"line":417,"column":13}}]},"28":{"loc":{"start":{"line":413,"column":19},"end":{"line":417,"column":13}},"type":"if","locations":[{"start":{"line":413,"column":19},"end":{"line":417,"column":13}},{"start":{"line":415,"column":19},"end":{"line":417,"column":13}}]},"29":{"loc":{"start":{"line":413,"column":23},"end":{"line":413,"column":75}},"type":"binary-expr","locations":[{"start":{"line":413,"column":23},"end":{"line":413,"column":49}},{"start":{"line":413,"column":53},"end":{"line":413,"column":75}}]},"30":{"loc":{"start":{"line":415,"column":19},"end":{"line":417,"column":13}},"type":"if","locations":[{"start":{"line":415,"column":19},"end":{"line":417,"column":13}}]},"31":{"loc":{"start":{"line":437,"column":8},"end":{"line":450,"column":9}},"type":"if","locations":[{"start":{"line":437,"column":8},"end":{"line":450,"column":9}}]},"32":{"loc":{"start":{"line":454,"column":8},"end":{"line":454,"column":36}},"type":"if","locations":[{"start":{"line":454,"column":8},"end":{"line":454,"column":36}}]},"33":{"loc":{"start":{"line":458,"column":8},"end":{"line":462,"column":9}},"type":"if","locations":[{"start":{"line":458,"column":8},"end":{"line":462,"column":9}}]},"34":{"loc":{"start":{"line":478,"column":12},"end":{"line":488,"column":13}},"type":"if","locations":[{"start":{"line":478,"column":12},"end":{"line":488,"column":13}}]},"35":{"loc":{"start":{"line":493,"column":8},"end":{"line":493,"column":44}},"type":"if","locations":[{"start":{"line":493,"column":8},"end":{"line":493,"column":44}}]}},"s":{"0":1,"1":1,"2":1,"3":7,"4":7,"5":7,"6":7,"7":7,"8":7,"9":7,"10":7,"11":7,"12":7,"13":7,"14":7,"15":7,"16":7,"17":7,"18":7,"19":7,"20":7,"21":7,"22":7,"23":7,"24":7,"25":7,"26":7,"27":3,"28":0,"29":0,"30":0,"31":1,"32":0,"33":1,"34":1,"35":0,"36":0,"37":0,"38":0,"39":0,"40":0,"41":0,"42":0,"43":0,"44":0,"45":0,"46":0,"47":0,"48":0,"49":0,"50":0,"51":0,"52":0,"53":0,"54":0,"55":0,"56":0,"57":0,"58":0,"59":1,"60":0,"61":1,"62":1,"63":0,"64":0,"65":1,"66":0,"67":0,"68":1,"69":1,"70":1,"71":1,"72":1,"73":1,"74":1,"75":1,"76":1,"77":8,"78":1,"79":1,"80":1,"81":0,"82":1,"83":1,"84":0,"85":0,"86":8,"87":0,"88":0,"89":0,"90":0,"91":0,"92":0,"93":0,"94":8,"95":0,"96":8,"97":0,"98":8,"99":0,"100":8,"101":8,"102":2,"103":1,"104":1,"105":0,"106":1,"107":6,"108":0,"109":6,"110":0,"111":6,"112":6,"113":0,"114":6,"115":6,"116":6,"117":1,"118":1,"119":1,"120":1,"121":2,"122":1,"123":1,"124":0,"125":1,"126":1,"127":1,"128":1,"129":0,"130":0,"131":1,"132":1,"133":8,"134":0,"135":8,"136":8,"137":8,"138":0,"139":8,"140":7,"141":7,"142":7,"143":7,"144":7,"145":1,"146":1,"147":0,"148":0,"149":7,"150":7,"151":7,"152":7,"153":7,"154":7,"155":1,"156":0,"157":1,"158":1,"159":0,"160":0,"161":0,"162":1,"163":1,"164":1,"165":1,"166":1,"167":1,"168":1,"169":1,"170":1,"171":1,"172":17,"173":0,"174":17,"175":17,"176":0,"177":7,"178":0,"179":0,"180":0,"181":0,"182":0,"183":0,"184":1,"185":1},"f":{"0":7,"1":3,"2":0,"3":0,"4":1,"5":0,"6":0,"7":0,"8":0,"9":1,"10":8,"11":1,"12":0,"13":0,"14":0,"15":0,"16":2,"17":6,"18":1,"19":1,"20":2,"21":8,"22":8,"23":7,"24":1,"25":1,"26":17,"27":0,"28":7,"29":0,"30":0,"31":0,"32":0,"33":0},"b":{"0":[7,7],"1":[7,6],"2":[7,7],"3":[7,6],"4":[0],"5":[0,0],"6":[0,0,0,0],"7":[0,0,0,0],"8":[0],"9":[0],"10":[0],"11":[0],"12":[0],"13":[0,0],"14":[0],"15":[1],"16":[2,1],"17":[0],"18":[0],"19":[0],"20":[0],"21":[1],"22":[1],"23":[0],"24":[0,0],"25":[0],"26":[0],"27":[7,1],"28":[1,0],"29":[1,1],"30":[0],"31":[7],"32":[0],"33":[0],"34":[1],"35":[0]}}
}
