TN:
SF:src/middleware.ts
FN:12,middleware
FN:24,(anonymous_1)
FN:27,(anonymous_2)
FN:44,(anonymous_3)
FN:70,(anonymous_4)
FN:82,(anonymous_5)
FNF:6
FNH:3
FNDA:5,middleware
FNDA:0,(anonymous_1)
FNDA:0,(anonymous_2)
FNDA:0,(anonymous_3)
FNDA:11,(anonymous_4)
FNDA:7,(anonymous_5)
DA:9,1
DA:10,1
DA:12,1
DA:13,5
DA:19,5
DA:25,0
DA:28,0
DA:33,0
DA:38,0
DA:45,0
DA:50,0
DA:55,0
DA:66,5
DA:69,5
DA:70,5
DA:71,11
DA:74,5
DA:75,1
DA:76,1
DA:77,1
DA:81,4
DA:82,4
DA:83,7
DA:86,4
DA:87,1
DA:90,3
DA:93,1
LF:27
LH:20
BRDA:74,0,0,1
BRDA:74,1,0,5
BRDA:74,1,1,2
BRDA:86,2,0,1
BRDA:86,3,0,4
BRDA:86,3,1,1
BRF:6
BRH:6
end_of_record
TN:
SF:src/lib/yjs/persistence.ts
FN:56,(anonymous_9)
FN:69,(anonymous_10)
FN:118,(anonymous_11)
FN:131,(anonymous_12)
FN:141,(anonymous_13)
FN:150,(anonymous_14)
FN:168,(anonymous_15)
FN:182,(anonymous_16)
FN:183,(anonymous_17)
FN:189,(anonymous_18)
FN:239,(anonymous_19)
FN:243,(anonymous_20)
FN:252,(anonymous_21)
FN:267,(anonymous_22)
FNF:14
FNH:12
FNDA:6,(anonymous_9)
FNDA:2,(anonymous_10)
FNDA:4,(anonymous_11)
FNDA:5,(anonymous_12)
FNDA:0,(anonymous_13)
FNDA:6,(anonymous_14)
FNDA:4,(anonymous_15)
FNDA:1,(anonymous_16)
FNDA:0,(anonymous_17)
FNDA:5,(anonymous_18)
FNDA:4,(anonymous_19)
FNDA:97,(anonymous_20)
FNDA:1,(anonymous_21)
FNDA:1,(anonymous_22)
DA:15,1
DA:41,1
DA:45,6
DA:46,6
DA:47,6
DA:48,6
DA:54,6
DA:57,6
DA:58,6
DA:59,6
DA:61,6
DA:62,6
DA:70,2
DA:71,2
DA:78,2
DA:80,1
DA:81,1
DA:82,1
DA:84,0
DA:87,1
DA:89,1
DA:93,1
DA:95,1
DA:96,0
DA:98,0
DA:100,0
DA:103,1
DA:104,1
DA:106,1
DA:109,0
DA:110,0
DA:120,4
DA:121,2
DA:122,2
DA:125,4
DA:132,5
DA:134,1
DA:135,1
DA:142,0
DA:145,6
DA:151,6
DA:152,6
DA:155,6
DA:156,1
DA:157,1
DA:161,6
DA:169,4
DA:172,4
DA:173,0
DA:174,0
DA:178,4
DA:179,0
DA:182,4
DA:183,1
DA:184,0
DA:190,5
DA:191,5
DA:194,5
DA:195,1
DA:196,1
DA:199,4
DA:200,4
DA:202,4
DA:203,4
DA:204,4
DA:206,4
DA:216,4
DA:217,1
DA:221,3
DA:222,3
DA:224,3
DA:226,1
DA:227,1
DA:229,4
DA:232,4
DA:233,0
DA:234,0
DA:241,4
DA:242,4
DA:243,97
DA:245,4
DA:249,0
DA:254,1
DA:255,1
DA:256,1
DA:257,1
DA:258,36
DA:260,1
DA:264,0
DA:268,1
DA:269,1
DA:270,1
DA:272,1
DA:276,1
LF:94
LH:79
BRDA:59,0,0,6
BRDA:59,0,1,5
BRDA:78,1,0,1
BRDA:80,2,0,1
BRDA:89,3,0,1
BRDA:93,4,0,1
BRDA:93,4,1,0
BRDA:96,5,0,0
BRDA:96,5,1,0
BRDA:120,6,0,2
BRDA:132,7,0,4
BRDA:151,8,0,0
BRDA:155,9,0,1
BRDA:169,10,0,0
BRDA:172,11,0,0
BRDA:178,12,0,0
BRDA:190,13,0,0
BRDA:191,14,0,0
BRDA:194,15,0,1
BRDA:216,16,0,1
BRDA:232,17,0,0
BRDA:232,18,0,4
BRDA:232,18,1,0
BRDA:241,19,0,4
BRDA:254,20,0,1
BRDA:268,21,0,0
BRDA:270,22,0,0
BRF:27
BRH:14
end_of_record
TN:
SF:src/lib/yjs/supabase-provider.ts
FN:88,(anonymous_9)
FN:119,(anonymous_10)
FN:126,(anonymous_11)
FN:133,(anonymous_12)
FN:141,(anonymous_13)
FN:157,(anonymous_14)
FN:191,(anonymous_15)
FN:225,(anonymous_16)
FN:232,(anonymous_17)
FN:241,(anonymous_18)
FN:278,(anonymous_19)
FN:280,(anonymous_20)
FN:295,(anonymous_21)
FN:308,(anonymous_22)
FN:312,(anonymous_23)
FN:316,(anonymous_24)
FN:327,(anonymous_25)
FN:335,(anonymous_26)
FN:359,(anonymous_27)
FN:363,(anonymous_28)
FN:369,(anonymous_29)
FN:397,(anonymous_30)
FN:402,(anonymous_31)
FN:421,(anonymous_32)
FN:453,(anonymous_33)
FN:477,(anonymous_34)
FN:492,(anonymous_35)
FN:495,(anonymous_36)
FN:498,(anonymous_37)
FN:499,(anonymous_38)
FN:502,(anonymous_39)
FN:503,(anonymous_40)
FN:506,(anonymous_41)
FN:508,(anonymous_42)
FNF:34
FNH:18
FNDA:7,(anonymous_9)
FNDA:3,(anonymous_10)
FNDA:0,(anonymous_11)
FNDA:0,(anonymous_12)
FNDA:1,(anonymous_13)
FNDA:0,(anonymous_14)
FNDA:0,(anonymous_15)
FNDA:0,(anonymous_16)
FNDA:0,(anonymous_17)
FNDA:1,(anonymous_18)
FNDA:8,(anonymous_19)
FNDA:1,(anonymous_20)
FNDA:0,(anonymous_21)
FNDA:0,(anonymous_22)
FNDA:0,(anonymous_23)
FNDA:0,(anonymous_24)
FNDA:2,(anonymous_25)
FNDA:6,(anonymous_26)
FNDA:1,(anonymous_27)
FNDA:1,(anonymous_28)
FNDA:2,(anonymous_29)
FNDA:8,(anonymous_30)
FNDA:8,(anonymous_31)
FNDA:7,(anonymous_32)
FNDA:1,(anonymous_33)
FNDA:1,(anonymous_34)
FNDA:17,(anonymous_35)
FNDA:0,(anonymous_36)
FNDA:7,(anonymous_37)
FNDA:0,(anonymous_38)
FNDA:0,(anonymous_39)
FNDA:0,(anonymous_40)
FNDA:0,(anonymous_41)
FNDA:0,(anonymous_42)
DA:16,1
DA:17,1
DA:18,1
DA:51,1
DA:60,7
DA:61,7
DA:66,7
DA:67,7
DA:70,7
DA:71,7
DA:72,7
DA:76,7
DA:77,7
DA:78,7
DA:79,7
DA:89,7
DA:90,7
DA:91,7
DA:92,7
DA:93,7
DA:94,7
DA:95,7
DA:98,7
DA:101,7
DA:109,7
DA:110,7
DA:112,7
DA:113,7
DA:120,3
DA:127,0
DA:134,0
DA:135,0
DA:142,1
DA:144,1
DA:145,1
DA:150,0
DA:172,0
DA:174,0
DA:175,0
DA:177,0
DA:178,0
DA:180,0
DA:181,0
DA:183,0
DA:184,0
DA:206,0
DA:208,0
DA:209,0
DA:211,0
DA:212,0
DA:214,0
DA:215,0
DA:217,0
DA:218,0
DA:226,0
DA:233,0
DA:234,0
DA:235,0
DA:242,1
DA:243,1
DA:246,1
DA:247,0
DA:248,0
DA:250,1
DA:251,0
DA:252,0
DA:256,1
DA:259,1
DA:260,1
DA:263,1
DA:266,1
DA:267,1
DA:268,1
DA:269,1
DA:271,1
DA:280,8
DA:281,1
DA:282,1
DA:284,1
DA:286,1
DA:287,1
DA:289,0
DA:290,0
DA:295,8
DA:296,0
DA:297,0
DA:298,0
DA:300,0
DA:301,0
DA:303,0
DA:308,8
DA:309,0
DA:312,8
DA:313,0
DA:316,8
DA:317,0
DA:321,8
DA:324,8
DA:329,2
DA:330,1
DA:332,1
DA:339,6
DA:340,6
DA:342,6
DA:343,6
DA:345,6
DA:347,6
DA:352,6
DA:360,1
DA:362,1
DA:363,1
DA:364,1
DA:370,2
DA:371,1
DA:373,1
DA:375,1
DA:377,1
DA:383,1
DA:389,0
DA:390,0
DA:392,1
DA:393,1
DA:398,8
DA:400,8
DA:402,8
DA:403,8
DA:405,8
DA:406,7
DA:407,7
DA:410,7
DA:411,7
DA:412,7
DA:413,1
DA:414,1
DA:415,0
DA:416,0
DA:423,7
DA:424,7
DA:427,7
DA:437,7
DA:438,7
DA:442,7
DA:454,1
DA:456,1
DA:458,1
DA:459,0
DA:460,0
DA:461,0
DA:464,1
DA:467,1
DA:471,1
DA:473,1
DA:477,1
DA:478,1
DA:479,1
DA:480,1
DA:486,1
DA:487,1
DA:493,17
DA:494,17
DA:495,17
DA:499,7
DA:503,0
DA:507,0
DA:508,0
DA:512,1
LF:166
LH:115
BRDA:92,0,0,7
BRDA:92,0,1,7
BRDA:93,1,0,7
BRDA:93,1,1,6
BRDA:94,2,0,7
BRDA:94,2,1,7
BRDA:95,3,0,7
BRDA:95,3,1,6
BRDA:142,4,0,0
BRDA:150,5,0,0
BRDA:150,5,1,0
BRDA:172,6,0,0
BRDA:172,6,1,0
BRDA:172,6,2,0
BRDA:172,6,3,0
BRDA:206,7,0,0
BRDA:206,7,1,0
BRDA:206,7,2,0
BRDA:206,7,3,0
BRDA:233,8,0,0
BRDA:242,9,0,0
BRDA:246,10,0,0
BRDA:250,11,0,0
BRDA:284,12,0,0
BRDA:290,13,0,0
BRDA:290,13,1,0
BRDA:298,14,0,0
BRDA:329,15,0,1
BRDA:329,16,0,2
BRDA:329,16,1,1
BRDA:330,17,0,0
BRDA:339,18,0,0
BRDA:340,19,0,0
BRDA:343,20,0,0
BRDA:362,21,0,1
BRDA:370,22,0,1
BRDA:371,23,0,0
BRDA:390,24,0,0
BRDA:390,24,1,0
BRDA:398,25,0,0
BRDA:403,26,0,0
BRDA:405,27,0,7
BRDA:405,27,1,1
BRDA:413,28,0,1
BRDA:413,28,1,0
BRDA:413,29,0,1
BRDA:413,29,1,1
BRDA:415,30,0,0
BRDA:437,31,0,7
BRDA:454,32,0,0
BRDA:458,33,0,0
BRDA:478,34,0,1
BRDA:493,35,0,0
BRF:53
BRH:20
end_of_record
